O76840 5.1e-22 1
Q02445 4.1e-25 1
P19761 4.7e-24 1
Q03610 3.1e-21 1
P84875 1.8e-24 1
P86733 4.9e-27 1
O35536 4e-24 1
Q6T269 5.6e-26 1
Q8WPI2 4.3e-28 1
Q7TQN3 1e-24 1
O43278 1.3e-20 1
Q62577 1.1e-19 1
P04815 3.9e-34 1
Q64240 5.6e-19 1
Q9R097 1e-20 1
Q8TEU8 2.1e-23 1
P00982 9e-33 1
P00985 5.4e-31 1
P0DMW7 7.6e-31 1
P0DMW6 9.9e-31 1
Q90W98 1.8e-30 1
P00979 2.6e-30 1
P00986 3.8e-30 1
Q90W99 7.2e-30 1
C0HJU7 6.7e-30 1
P10280 1.9e-29 1
C1IC50 2e-29 1
Q7LZE3 3.9e-29 1
P0DN08 4.8e-29 1
Q9TWG0 5.2e-29 1
B5KL37 5.5e-29 1
P0DN09 6.2e-29 1
Q90WA1 6.9e-29 1
F8J2F5 7.4e-29 1
B5KL40 8.5e-29 1
B5KF95 8.8e-29 1
P0DMJ5 1.1e-28 1
B5KF96 1.1e-28 1
Q6ITB0 1.7e-28 1
Q6ITB1 1.7e-28 1
P00991 2e-28 1
H2A0P0 2.9e-17 1
P00994 2.3e-28 1
Q90WA0 3.1e-28 1
A6MFL4 3.1e-28 1
Q9TWF8 3.3e-28 1
C0HK73 3.3e-28 1
Q6ITB9 3.6e-28 1
B5KL39 3.6e-28 1
P0DN11 4.2e-28 1
Q6ITB4 4.3e-28 1
C0HJF3 5.8e-28 1
Q6ITC0 7e-28 1
P20229 6.7e-28 1
P0DN19 8e-28 1
A5X2X1 1.1e-27 1
P00976 1.3e-27 1
P0DN10 1.7e-27 1
A6MGX9 1.7e-27 1
A6MFL1 1.8e-27 1
B5L5R1 1.8e-27 1
A0A1Z0YU59 1.7e-27 1
Q8T3S7 2.2e-27 1
P0DL86 2.4e-27 1
Q9TWF9 3e-27 1
P0DMX0 4.6e-27 1
E5AJX3 4.8e-27 1
B5KL41 4.6e-27 1
A6MFL2 5.1e-27 1
B2G331 5.8e-27 1
Q96NZ8 3e-20 1
B5KL32 7.4e-27 1
B4ESA3 1e-26 1
H2A0N5 1.3e-15 1
Q28201 2.4e-26 1
C1IC53 1.8e-26 1
Q6ITB3 1.8e-26 1
B5KL33 1.8e-26 1
P82966 1.8e-26 1
P0DMJ3 2.2e-26 1
A8Y7N5 2.5e-26 1
B5KF94 2.8e-26 1
H6VC06 2.9e-26 1
P81902 3.4e-26 1
Q8AY43 3.7e-26 1
B5KL31 4.3e-26 1
O62845 5.8e-26 1
A8Y7N7 5.3e-26 1
P86964 4.6e-15 1
P79307 1.2e-25 1
B1B5I8 7e-26 1
Q95241 1.2e-25 1
P53601 1.2e-25 1
Q6ITC1 8e-26 1
F8J2F6 8.3e-26 1
A8Y7P4 8.6e-26 1
A8Y7P1 1.1e-25 1
A8Y7P3 1.3e-25 1
A8Y7P2 1.6e-25 1
B4ESA4 2.4e-25 1
Q8AY42 3.2e-25 1
F6ULY1 4.1e-25 1
P0CY85 5.3e-25 1
P0C8W3 5.6e-25 1
A7X3V7 6.5e-25 1
Q29143 7.4e-25 1
P86959 1e-24 1
P0DN15 9.5e-25 1
H6VC05 1e-24 1
P0DJ45 1.5e-24 1
Q90W96 2.1e-24 1
Q06481 9.8e-24 1
P15943 1.1e-23 1
P19859 5.6e-24 1
P0DJ48 7e-24 1
P82968 1e-23 1
Q4KUS1 1.7e-23 1
G3LH89 4.3e-23 1
Q90W97 5.2e-23 1
P0C5J5 9.8e-21 1
Q9BDL1 5.3e-23 1
O95925 5.7e-23 1
D2Y491 6.8e-23 1
D2Y490 1.1e-22 1
P16044 1.2e-22 1
P68425 1.6e-22 1
B2ZBB6 1.6e-22 1
O95428 1.9e-22 1
O93279 5.2e-22 1
P0DJ47 2.9e-22 1
Q9EPX2 2.8e-22 1
B2KTG2 5.8e-22 1
Q1RPS9 6.3e-22 1
Q8T0W4 8.7e-22 1
Q9D263 1.2e-21 1
P0DMJ1 1.1e-21 1
H2A0N9 1.3e-21 1
D2Y2G1 3.4e-21 1
P0DJ84 3.4e-21 1
D2Y2Q2 3.8e-21 1
P81906 3.9e-21 1
B2ZBC0 1e-20 1
P11424 9.5e-21 1
D2Y2Q8 1.2e-20 1
D2Y2Q5 1.7e-20 1
D2Y2Q1 2.1e-20 1
Q02388 4e-20 1
B2ZBB8 3e-20 1
P0DJ75 3e-20 1
Q0PL65 3.1e-20 1
Q2UY11 8e-20 1
P0DJ70 6.2e-20 1
P0DJ72 6.9e-20 1
D2Y2F4 7.5e-20 1
P0DJ74 8.9e-20 1
B2ZBB9 9.6e-20 1
D2Y2Q6 1.5e-19 1
P0DJ64 3.3e-19 1
D2Y2F9 4.5e-19 1
P0DJ65 4.5e-19 1
P0DJ73 5.5e-19 1
P0DMW9 5.6e-19 1
P0DJ81 1.8e-18 1
P0DMW8 2.7e-18 1
D2Y2G0 3.4e-18 1
Q1RPT0 3.5e-18 1
P00989 3.5e-18 1
O73683 5.9e-18 1
Q8AY44 5.2e-18 1
B4ESA2 9.8e-17 1
Q9W728 1.7e-16 1
Q8AY46 1.9e-16 1
Q2ES49 3.3e-15 1
P0CAR0 2.6e-14 1
P26226 9.1e-14 1
P0CH75 7.4e-13 1
Q9BQY6 1.3e-11 1
D3GGZ8 0.00012 1
