Q868Z9 4.5e-21 1
O54819 3.5e-25 1
Q28864 2.4e-24 1
P10646 1.8e-24 1
P83606 3.4e-23 1
Q7YRQ8 4.6e-25 1
P48307 2.5e-23 1
Q8WPI3 2.4e-28 1
W4VSH9 9.1e-26 1
Q9WU03 8.2e-23 1
O43291 7.4e-24 1
P04365 2.6e-22 1
B2BS84 2.8e-22 1
Q08E66 1.8e-25 1
P62756 1.5e-20 1
P62757 1.5e-20 1
P00978 1.7e-20 1
Q60559 2e-20 1
P00975 9.1e-36 1
Q07456 1.7e-19 1
P83609 5.9e-20 1
P02760 3e-19 1
P04366 4.4e-20 1
P00981 3.9e-32 1
P0C1X2 1.5e-30 1
Q6NUX0 1.8e-20 1
P81129 2.3e-30 1
B6RLX2 3.1e-30 1
C1IC52 4e-30 1
Q6T6T5 5.2e-30 1
C1IC51 6.9e-30 1
C0HK72 6.7e-30 1
P0DMJ6 8.5e-30 1
Q7LZS8 8.5e-30 1
Q2ES47 1.4e-29 1
B7S4N9 2.4e-29 1
C0HLB2 3e-29 1
A8Y7N9 3.7e-29 1
P00984 3.9e-29 1
B5L5R7 4.8e-29 1
C0HK74 4.6e-29 1
F8J2F3 6.3e-29 1
B5KL36 8.8e-29 1
P86862 1e-28 1
P25660 1.5e-28 1
P0DN06 1.7e-28 1
Q6T6S5 2.2e-28 1
Q2ES46 2.8e-28 1
B5L5R0 2.8e-28 1
B5G6G6 2.8e-28 1
Q6ITB5 3.3e-28 1
B5KL38 3.6e-28 1
B5L5M7 3.9e-28 1
Q6ITB6 4.3e-28 1
P0DN13 5.8e-28 1
C0HJF4 6e-28 1
P00992 6.8e-28 1
A6MGY1 8.3e-28 1
B5KL35 9.1e-28 1
Q29428 1.3e-27 1
F8J2F4 1e-27 1
P24541 1.5e-27 1
A6MFL3 1.5e-27 1
Q29100 1.5e-27 1
P0DMJ4 1.6e-27 1
P00993 1.6e-27 1
P0DN12 2.1e-27 1
E7FL13 2.2e-27 1
P0DN17 2.8e-27 1
E7FL12 3.1e-27 1
C0HJU6 3e-27 1
Q6ITB7 3.3e-27 1
P0DN07 3.9e-27 1
B5L5Q8 4.2e-27 1
B5KL34 4.3e-27 1
P29216 4.4e-27 1
P0DN14 5e-27 1
P0DKL8 7.3e-27 1
B2KTG1 9.4e-27 1
B5L5R4 1.1e-26 1
P0DJ50 1.6e-26 1
P0DN20 1.4e-26 1
A8Y7N6 1.6e-26 1
Q8AY41 2.1e-26 1
P0DN18 2.5e-26 1
E7FL11 3.5e-26 1
P81548 4.2e-26 1
P81547 4.5e-26 1
B5KL30 5.1e-26 1
P00990 6e-26 1
P08592 1.2e-25 1
P36992 1.1e-18 1
Q5IS80 1.2e-25 1
P15989 1.9e-25 1
P26228 7.9e-26 1
A8Y7P6 8.7e-26 1
P05067 1.5e-25 1
A7X3V4 9.9e-26 1
P12023 1.7e-25 1
I2G9B4 1.2e-25 1
P0DMJ2 1.2e-25 1
A8Y7P0 1.3e-25 1
Q2ES50 1.3e-25 1
Q2ES48 1.4e-25 1
Q6ITB8 1.4e-25 1
Q60495 2.6e-25 1
Q5ZPJ7 1.7e-25 1
A8Y7P5 2.4e-25 1
P0DJ46 4.1e-25 1
H2A0M2 6.1e-25 1
H2A0N1 1.9e-14 1
P00983 8e-25 1
A8Y7N4 1e-24 1
A8Y7N8 1.5e-24 1
Q6ITB2 1.4e-24 1
B5L5R6 1.7e-24 1
B5L5Q1 1.9e-24 1
D8KY58 2.8e-24 1
P16344 3.3e-24 1
D4A2Z2 3.9e-24 1
P0DN16 6.2e-24 1
B5KL29 5.8e-24 1
P0DJ49 6.1e-24 1
B5KL27 7.1e-24 1
Q3UW55 9.4e-24 1
D2Y489 2e-23 1
B5KL28 7.9e-23 1
P49223 9.3e-23 1
P0DJ77 1.6e-22 1
P0DJ66 2e-22 1
P26227 1.7e-22 1
Q9DA01 1.7e-22 1
D2Y488 2.4e-22 1
P81162 4.9e-22 1
Q8R0S6 1.2e-20 1
Q589G4 6.7e-22 1
P0DJ76 7.8e-22 1
Q1RPS8 1.4e-21 1
P10832 1.6e-21 1
D2Y2Q9 2e-21 1
D2Y2Q7 2.6e-21 1
P10831 4.4e-21 1
P0DJ82 9.3e-21 1
Q7T2Q6 1.5e-20 1
Q63870 2.6e-20 1
B5L5Q6 1.9e-20 1
P0DJ85 2.8e-20 1
P0DJ80 3e-20 1
P0DJ78 3e-20 1
P0DJ79 3.8e-20 1
D2Y2F8 5.6e-20 1
D2Y2C2 6.2e-20 1
D2Y2F6 6.9e-20 1
B2KTG3 7e-20 1
P0DJ67 7.5e-20 1
P0DJ69 8.9e-20 1
D2Y2F5 9.6e-20 1
P0DJ71 9.6e-20 1
Q2UY09 3.1e-19 1
P07481 1.6e-19 1
D2Y2F3 3.3e-19 1
Q6UDR6 5.7e-19 1
D2Y2F7 5.5e-19 1
B5L5Q3 1.9e-18 1
Q8AY45 2.7e-18 1
Q75S50 5.2e-18 1
D2Y2G2 7.5e-18 1
P0DJ68 7.5e-18 1
Q75S49 1.9e-16 1
Q7Z1K3 6.5e-16 1
P00987 2.5e-16 1
Q8IUA0 2.7e-16 1
G9I929 1.2e-15 1
C0LNR2 1.4e-15 1
P86963 2.8e-11 1
Q11101 1.3e-10 1
O62247 5.4e-06 1
